<?xml version="1.0" encoding="UTF-8"?>
<testng-results skipped="0" failed="0" ignored="0" total="3" passed="3">
  <reporter-output>
  </reporter-output>
  <suite name="Suite" duration-ms="34216" started-at="2018-01-03T10:42:01Z" finished-at="2018-01-03T10:42:35Z">
    <groups>
    </groups>
    <test name="EdgeTest" duration-ms="20808" started-at="2018-01-03T10:42:01Z" finished-at="2018-01-03T10:42:22Z">
      <class name="jenkin_ci_config.DemoCi">
        <test-method status="PASS" signature="setup(java.lang.String)[pri:0, instance:jenkin_ci_config.DemoCi@2f7c7260]" name="setup" is-config="true" duration-ms="2708" started-at="2018-01-03T16:12:01Z" finished-at="2018-01-03T16:12:04Z">
          <params>
            <param index="0">
              <value>
                <![CDATA[edge]]>
              </value>
            </param>
          </params>
          <reporter-output>
          </reporter-output>
        </test-method> <!-- setup -->
        <test-method status="PASS" signature="login()[pri:0, instance:jenkin_ci_config.DemoCi@2f7c7260]" name="login" duration-ms="12373" started-at="2018-01-03T16:12:04Z" finished-at="2018-01-03T16:12:16Z">
          <reporter-output>
          </reporter-output>
        </test-method> <!-- login -->
        <test-method status="PASS" signature="afterTest()[pri:0, instance:jenkin_ci_config.DemoCi@2f7c7260]" name="afterTest" is-config="true" duration-ms="5692" started-at="2018-01-03T16:12:16Z" finished-at="2018-01-03T16:12:22Z">
          <reporter-output>
          </reporter-output>
        </test-method> <!-- afterTest -->
      </class> <!-- jenkin_ci_config.DemoCi -->
    </test> <!-- EdgeTest -->
    <test name="ChromeTest" duration-ms="24336" started-at="2018-01-03T10:42:01Z" finished-at="2018-01-03T10:42:26Z">
      <class name="jenkin_ci_config.DemoCi">
        <test-method status="PASS" signature="setup(java.lang.String)[pri:0, instance:jenkin_ci_config.DemoCi@d7b1517]" name="setup" is-config="true" duration-ms="5796" started-at="2018-01-03T16:12:01Z" finished-at="2018-01-03T16:12:07Z">
          <params>
            <param index="0">
              <value>
                <![CDATA[chrome]]>
              </value>
            </param>
          </params>
          <reporter-output>
          </reporter-output>
        </test-method> <!-- setup -->
        <test-method status="PASS" signature="login()[pri:0, instance:jenkin_ci_config.DemoCi@d7b1517]" name="login" duration-ms="17428" started-at="2018-01-03T16:12:07Z" finished-at="2018-01-03T16:12:24Z">
          <reporter-output>
          </reporter-output>
        </test-method> <!-- login -->
        <test-method status="PASS" signature="afterTest()[pri:0, instance:jenkin_ci_config.DemoCi@d7b1517]" name="afterTest" is-config="true" duration-ms="1096" started-at="2018-01-03T16:12:24Z" finished-at="2018-01-03T16:12:26Z">
          <reporter-output>
          </reporter-output>
        </test-method> <!-- afterTest -->
      </class> <!-- jenkin_ci_config.DemoCi -->
    </test> <!-- ChromeTest -->
    <test name="FirefoxTest" duration-ms="34216" started-at="2018-01-03T10:42:01Z" finished-at="2018-01-03T10:42:35Z">
      <class name="jenkin_ci_config.DemoCi">
        <test-method status="PASS" signature="setup(java.lang.String)[pri:0, instance:jenkin_ci_config.DemoCi@3cb5cdba]" name="setup" is-config="true" duration-ms="14508" started-at="2018-01-03T16:12:01Z" finished-at="2018-01-03T16:12:16Z">
          <params>
            <param index="0">
              <value>
                <![CDATA[firefox]]>
              </value>
            </param>
          </params>
          <reporter-output>
          </reporter-output>
        </test-method> <!-- setup -->
        <test-method status="PASS" signature="login()[pri:0, instance:jenkin_ci_config.DemoCi@3cb5cdba]" name="login" duration-ms="19240" started-at="2018-01-03T16:12:16Z" finished-at="2018-01-03T16:12:35Z">
          <reporter-output>
          </reporter-output>
        </test-method> <!-- login -->
        <test-method status="PASS" signature="afterTest()[pri:0, instance:jenkin_ci_config.DemoCi@3cb5cdba]" name="afterTest" is-config="true" duration-ms="450" started-at="2018-01-03T16:12:35Z" finished-at="2018-01-03T16:12:35Z">
          <reporter-output>
          </reporter-output>
        </test-method> <!-- afterTest -->
      </class> <!-- jenkin_ci_config.DemoCi -->
    </test> <!-- FirefoxTest -->
  </suite> <!-- Suite -->
</testng-results>
